build/app/intermediates/manifest_merge_blame_file/debug/manifest-merger-blame-debug-report.txt
1<?xml version="1.0" encoding="utf-8"?>
2<manifest xmlns:android="http://schemas.android.com/apk/res/android"
3    package="com.example.card_scanner"
4    android:versionCode="1"
5    android:versionName="1.0.0" >
6
7    <uses-sdk
8        android:minSdkVersion="21"
9        android:targetSdkVersion="33" />
10    <!--
11         The INTERNET permission is required for development. Specifically,
12         the Flutter tool needs it to communicate with the running application
13         to allow setting breakpoints, to provide hot reload, etc.
14    -->
15    <uses-permission android:name="android.permission.INTERNET" />
15-->src/debug/AndroidManifest.xml:6:5-66
15-->src/debug/AndroidManifest.xml:6:22-64
16
17    <uses-feature android:name="android.hardware.camera.any" />
17-->[:credit_card_scanner] AndroidManifest.xml:9:5-64
17-->[:credit_card_scanner] AndroidManifest.xml:9:19-61
18
19    <uses-permission android:name="android.permission.CAMERA" /> <!-- Although the *SdkVersion is captured in gradle build files, this is required for non gradle builds -->
19-->[:credit_card_scanner] AndroidManifest.xml:11:5-65
19-->[:credit_card_scanner] AndroidManifest.xml:11:22-62
20    <!-- <uses-sdk android:minSdkVersion="14"/> -->
21    <uses-permission android:name="android.permission.ACCESS_NETWORK_STATE" />
21-->[com.google.android.datatransport:transport-backend-cct:2.3.2] AndroidManifest.xml:25:5-79
21-->[com.google.android.datatransport:transport-backend-cct:2.3.2] AndroidManifest.xml:25:22-76
22
23    <application
24        android:name="android.app.Application"
25        android:appComponentFactory="androidx.core.app.CoreComponentFactory"
25-->[androidx.core:core:1.6.0] AndroidManifest.xml:24:18-86
26        android:debuggable="true"
27        android:icon="@mipmap/ic_launcher"
28        android:label="card_scanner" >
29        <activity
30            android:name="com.example.card_scanner.MainActivity"
31            android:configChanges="orientation|keyboardHidden|keyboard|screenSize|smallestScreenSize|locale|layoutDirection|fontScale|screenLayout|density|uiMode"
32            android:exported="true"
33            android:hardwareAccelerated="true"
34            android:launchMode="singleTop"
35            android:theme="@style/LaunchTheme"
36            android:windowSoftInputMode="adjustResize" >
37
38            <!--
39                 Specifies an Android theme to apply to this Activity as soon as
40                 the Android process has started. This theme is visible to the user
41                 while the Flutter UI initializes. After that, this theme continues
42                 to determine the Window background behind the Flutter UI.
43            -->
44            <meta-data
45                android:name="io.flutter.embedding.android.NormalTheme"
46                android:resource="@style/NormalTheme" />
47
48            <intent-filter>
49                <action android:name="android.intent.action.MAIN" />
50
51                <category android:name="android.intent.category.LAUNCHER" />
52            </intent-filter>
53        </activity>
54        <!--
55             Don't delete the meta-data below.
56             This is used by the Flutter tool to generate GeneratedPluginRegistrant.java
57        -->
58        <meta-data
59            android:name="flutterEmbedding"
60            android:value="2" />
61        <meta-data
61-->[:credit_card_scanner] AndroidManifest.xml:14:9-16:35
62            android:name="com.google.mlkit.vision.DEPENDENCIES"
62-->[:credit_card_scanner] AndroidManifest.xml:15:13-64
63            android:value="ocr" />
63-->[:credit_card_scanner] AndroidManifest.xml:16:13-32
64
65        <activity
65-->[:credit_card_scanner] AndroidManifest.xml:18:9-22:20
66            android:name="com.nateshmbhat.credit_card_scanner.CardScannerCameraActivity"
66-->[:credit_card_scanner] AndroidManifest.xml:19:13-89
67            android:screenOrientation="portrait"
67-->[:credit_card_scanner] AndroidManifest.xml:20:13-49
68            android:theme="@style/Theme.AppCompat" >
68-->[:credit_card_scanner] AndroidManifest.xml:21:13-51
69        </activity>
70
71        <uses-library
71-->[androidx.window:window:1.0.0-beta04] AndroidManifest.xml:25:9-27:40
72            android:name="androidx.window.extensions"
72-->[androidx.window:window:1.0.0-beta04] AndroidManifest.xml:26:13-54
73            android:required="false" />
73-->[androidx.window:window:1.0.0-beta04] AndroidManifest.xml:27:13-37
74        <uses-library
74-->[androidx.window:window:1.0.0-beta04] AndroidManifest.xml:28:9-30:40
75            android:name="androidx.window.sidecar"
75-->[androidx.window:window:1.0.0-beta04] AndroidManifest.xml:29:13-51
76            android:required="false" />
76-->[androidx.window:window:1.0.0-beta04] AndroidManifest.xml:30:13-37
77
78        <service
78-->[com.google.android.gms:play-services-mlkit-text-recognition:16.1.3] AndroidManifest.xml:9:9-15:19
79            android:name="com.google.mlkit.common.internal.MlKitComponentDiscoveryService"
79-->[com.google.android.gms:play-services-mlkit-text-recognition:16.1.3] AndroidManifest.xml:10:13-91
80            android:directBootAware="true"
80-->[com.google.mlkit:common:17.1.1] AndroidManifest.xml:17:13-43
81            android:exported="false" >
81-->[com.google.android.gms:play-services-mlkit-text-recognition:16.1.3] AndroidManifest.xml:11:13-37
82            <meta-data
82-->[com.google.android.gms:play-services-mlkit-text-recognition:16.1.3] AndroidManifest.xml:12:13-14:85
83                android:name="com.google.firebase.components:com.google.mlkit.vision.text.internal.TextRegistrar"
83-->[com.google.android.gms:play-services-mlkit-text-recognition:16.1.3] AndroidManifest.xml:13:17-114
84                android:value="com.google.firebase.components.ComponentRegistrar" />
84-->[com.google.android.gms:play-services-mlkit-text-recognition:16.1.3] AndroidManifest.xml:14:17-82
85            <meta-data
85-->[com.google.mlkit:vision-common:16.3.0] AndroidManifest.xml:12:13-14:85
86                android:name="com.google.firebase.components:com.google.mlkit.vision.common.internal.VisionCommonRegistrar"
86-->[com.google.mlkit:vision-common:16.3.0] AndroidManifest.xml:13:17-124
87                android:value="com.google.firebase.components.ComponentRegistrar" />
87-->[com.google.mlkit:vision-common:16.3.0] AndroidManifest.xml:14:17-82
88            <meta-data
88-->[com.google.mlkit:common:17.1.1] AndroidManifest.xml:20:13-22:85
89                android:name="com.google.firebase.components:com.google.mlkit.common.internal.CommonComponentRegistrar"
89-->[com.google.mlkit:common:17.1.1] AndroidManifest.xml:21:17-120
90                android:value="com.google.firebase.components.ComponentRegistrar" />
90-->[com.google.mlkit:common:17.1.1] AndroidManifest.xml:22:17-82
91        </service>
92
93        <provider
93-->[com.google.mlkit:common:17.1.1] AndroidManifest.xml:9:9-13:38
94            android:name="com.google.mlkit.common.internal.MlKitInitProvider"
94-->[com.google.mlkit:common:17.1.1] AndroidManifest.xml:10:13-78
95            android:authorities="com.example.card_scanner.mlkitinitprovider"
95-->[com.google.mlkit:common:17.1.1] AndroidManifest.xml:11:13-69
96            android:exported="false"
96-->[com.google.mlkit:common:17.1.1] AndroidManifest.xml:12:13-37
97            android:initOrder="99" />
97-->[com.google.mlkit:common:17.1.1] AndroidManifest.xml:13:13-35
98
99        <activity
99-->[com.google.android.gms:play-services-base:17.4.0] AndroidManifest.xml:23:9-26:75
100            android:name="com.google.android.gms.common.api.GoogleApiActivity"
100-->[com.google.android.gms:play-services-base:17.4.0] AndroidManifest.xml:24:13-79
101            android:exported="false"
101-->[com.google.android.gms:play-services-base:17.4.0] AndroidManifest.xml:25:13-37
102            android:theme="@android:style/Theme.Translucent.NoTitleBar" />
102-->[com.google.android.gms:play-services-base:17.4.0] AndroidManifest.xml:26:13-72
103
104        <meta-data
104-->[com.google.android.gms:play-services-basement:17.4.0] AndroidManifest.xml:23:9-25:69
105            android:name="com.google.android.gms.version"
105-->[com.google.android.gms:play-services-basement:17.4.0] AndroidManifest.xml:24:13-58
106            android:value="@integer/google_play_services_version" />
106-->[com.google.android.gms:play-services-basement:17.4.0] AndroidManifest.xml:25:13-66
107
108        <service
108-->[com.google.android.datatransport:transport-backend-cct:2.3.2] AndroidManifest.xml:29:9-35:19
109            android:name="com.google.android.datatransport.runtime.backends.TransportBackendDiscovery"
109-->[com.google.android.datatransport:transport-backend-cct:2.3.2] AndroidManifest.xml:30:13-103
110            android:exported="false" >
110-->[com.google.android.datatransport:transport-backend-cct:2.3.2] AndroidManifest.xml:31:13-37
111            <meta-data
111-->[com.google.android.datatransport:transport-backend-cct:2.3.2] AndroidManifest.xml:32:13-34:39
112                android:name="backend:com.google.android.datatransport.cct.CctBackendFactory"
112-->[com.google.android.datatransport:transport-backend-cct:2.3.2] AndroidManifest.xml:33:17-94
113                android:value="cct" />
113-->[com.google.android.datatransport:transport-backend-cct:2.3.2] AndroidManifest.xml:34:17-36
114        </service>
115        <service
115-->[com.google.android.datatransport:transport-runtime:2.2.5] AndroidManifest.xml:26:9-30:19
116            android:name="com.google.android.datatransport.runtime.scheduling.jobscheduling.JobInfoSchedulerService"
116-->[com.google.android.datatransport:transport-runtime:2.2.5] AndroidManifest.xml:27:13-117
117            android:exported="false"
117-->[com.google.android.datatransport:transport-runtime:2.2.5] AndroidManifest.xml:28:13-37
118            android:permission="android.permission.BIND_JOB_SERVICE" >
118-->[com.google.android.datatransport:transport-runtime:2.2.5] AndroidManifest.xml:29:13-69
119        </service>
120
121        <receiver
121-->[com.google.android.datatransport:transport-runtime:2.2.5] AndroidManifest.xml:32:9-34:40
122            android:name="com.google.android.datatransport.runtime.scheduling.jobscheduling.AlarmManagerSchedulerBroadcastReceiver"
122-->[com.google.android.datatransport:transport-runtime:2.2.5] AndroidManifest.xml:33:13-132
123            android:exported="false" />
123-->[com.google.android.datatransport:transport-runtime:2.2.5] AndroidManifest.xml:34:13-37
124    </application>
125
126</manifest>